<?xml version="1.0" encoding="UTF-8"?>
<testsuite name="ru.nsu.fit.oop.arturploter.task_1_1.HeapSortUnitTests" tests="7" skipped="0" failures="0" errors="0" timestamp="2019-10-30T16:48:12" hostname="DESKTOP-LDMUS9P" time="1.637">
  <properties/>
  <testcase name="given_ListWithDuplicates_Then_ReturnSortedListWithDuplicates" classname="ru.nsu.fit.oop.arturploter.task_1_1.HeapSortUnitTests" time="0.005"/>
  <testcase name="given_StringList_Then_ReturnSortedStringList" classname="ru.nsu.fit.oop.arturploter.task_1_1.HeapSortUnitTests" time="0.002"/>
  <testcase name="given_EmptyList_Then_ReturnEmptyList" classname="ru.nsu.fit.oop.arturploter.task_1_1.HeapSortUnitTests" time="0.0"/>
  <testcase name="given_BooleanList_Then_ReturnSortedBooleanList" classname="ru.nsu.fit.oop.arturploter.task_1_1.HeapSortUnitTests" time="0.276"/>
  <testcase name="given_EmployeeObjectList_Then_ReturnEmployeeObjectList" classname="ru.nsu.fit.oop.arturploter.task_1_1.HeapSortUnitTests" time="0.001"/>
  <testcase name="given_IntegerList_Then_ReturnSortedIntegerList" classname="ru.nsu.fit.oop.arturploter.task_1_1.HeapSortUnitTests" time="0.635"/>
  <testcase name="given_DoubleList_Then_ReturnSortedDoubleList" classname="ru.nsu.fit.oop.arturploter.task_1_1.HeapSortUnitTests" time="0.716"/>
  <system-out><![CDATA[]]></system-out>
  <system-err><![CDATA[]]></system-err>
</testsuite>
